Log opened at 2018-05-03 05:19:39
I: Connecting to configured address/port: host.docker.internal:9001.
I: Connected to client. :-)
-> <init xmlns="urn:debugger_protocol_v1" xmlns:xdebug="http://xdebug.org/dbgp/xdebug" fileuri="file:///src/SmartHumidor/index.php" language="PHP" xdebug:language_version="7.2.5" protocol_version="1.0" appid="8" idekey="www-data"><engine version="2.6.0"><![CDATA[Xdebug]]></engine><author><![CDATA[Derick Rethans]]></author><url><![CDATA[http://xdebug.org]]></url><copyright><![CDATA[Copyright (c) 2002-2018 by Derick Rethans]]></copyright></init>

<- breakpoint_list -i 1
-> <response xmlns="urn:debugger_protocol_v1" xmlns:xdebug="http://xdebug.org/dbgp/xdebug" command="breakpoint_list" transaction_id="1"></response>

<- breakpoint_set -i 2 -t line -f file:///src/SmartHumidor/index.php -n 2
-> <response xmlns="urn:debugger_protocol_v1" xmlns:xdebug="http://xdebug.org/dbgp/xdebug" command="breakpoint_set" transaction_id="2" id="80001"></response>

<- breakpoint_list -i 3
-> <response xmlns="urn:debugger_protocol_v1" xmlns:xdebug="http://xdebug.org/dbgp/xdebug" command="breakpoint_list" transaction_id="3"><breakpoint type="line" filename="file:///src/SmartHumidor/index.php" lineno="2" state="enabled" hit_count="0" hit_value="0" id="80001"></breakpoint></response>

<- breakpoint_list -i 4
-> <response xmlns="urn:debugger_protocol_v1" xmlns:xdebug="http://xdebug.org/dbgp/xdebug" command="breakpoint_list" transaction_id="4"><breakpoint type="line" filename="file:///src/SmartHumidor/index.php" lineno="2" state="enabled" hit_count="0" hit_value="0" id="80001"></breakpoint></response>

<- breakpoint_set -i 5 -t exception -x *
-> <response xmlns="urn:debugger_protocol_v1" xmlns:xdebug="http://xdebug.org/dbgp/xdebug" command="breakpoint_set" transaction_id="5" id="80002"></response>

<- run -i 6
-> <response xmlns="urn:debugger_protocol_v1" xmlns:xdebug="http://xdebug.org/dbgp/xdebug" command="run" transaction_id="6" status="break" reason="ok"><xdebug:message filename="file:///src/SmartHumidor/index.php" lineno="2"></xdebug:message></response>

<- stack_get -i 7
-> <response xmlns="urn:debugger_protocol_v1" xmlns:xdebug="http://xdebug.org/dbgp/xdebug" command="stack_get" transaction_id="7"><stack where="{main}" level="0" type="file" filename="file:///src/SmartHumidor/index.php" lineno="2"></stack></response>

<- context_names -i 8 -d 0
-> <response xmlns="urn:debugger_protocol_v1" xmlns:xdebug="http://xdebug.org/dbgp/xdebug" command="context_names" transaction_id="8"><context name="Locals" id="0"></context><context name="Superglobals" id="1"></context><context name="User defined constants" id="2"></context></response>

<- context_get -i 9 -d 0 -c 0
-> <response xmlns="urn:debugger_protocol_v1" xmlns:xdebug="http://xdebug.org/dbgp/xdebug" command="context_get" transaction_id="9" context="0"></response>

<- step_over -i 10
-> <response xmlns="urn:debugger_protocol_v1" xmlns:xdebug="http://xdebug.org/dbgp/xdebug" command="step_over" transaction_id="10" status="break" reason="ok"><xdebug:message filename="file:///src/SmartHumidor/index.php" lineno="3"></xdebug:message></response>

<- stack_get -i 11
-> <response xmlns="urn:debugger_protocol_v1" xmlns:xdebug="http://xdebug.org/dbgp/xdebug" command="stack_get" transaction_id="11"><stack where="{main}" level="0" type="file" filename="file:///src/SmartHumidor/index.php" lineno="3"></stack></response>

<- context_names -i 12 -d 0
-> <response xmlns="urn:debugger_protocol_v1" xmlns:xdebug="http://xdebug.org/dbgp/xdebug" command="context_names" transaction_id="12"><context name="Locals" id="0"></context><context name="Superglobals" id="1"></context><context name="User defined constants" id="2"></context></response>

<- context_get -i 13 -d 0 -c 0
-> <response xmlns="urn:debugger_protocol_v1" xmlns:xdebug="http://xdebug.org/dbgp/xdebug" command="context_get" transaction_id="13" context="0"></response>

<- step_over -i 14
-> <response xmlns="urn:debugger_protocol_v1" xmlns:xdebug="http://xdebug.org/dbgp/xdebug" command="step_over" transaction_id="14" status="break" reason="ok"><xdebug:message filename="file:///src/SmartHumidor/index.php" lineno="3"></xdebug:message></response>

<- stack_get -i 15
-> <response xmlns="urn:debugger_protocol_v1" xmlns:xdebug="http://xdebug.org/dbgp/xdebug" command="stack_get" transaction_id="15"><stack where="{main}" level="0" type="file" filename="file:///src/SmartHumidor/index.php" lineno="3"></stack></response>

<- context_names -i 16 -d 0
-> <response xmlns="urn:debugger_protocol_v1" xmlns:xdebug="http://xdebug.org/dbgp/xdebug" command="context_names" transaction_id="16"><context name="Locals" id="0"></context><context name="Superglobals" id="1"></context><context name="User defined constants" id="2"></context></response>

<- context_get -i 17 -d 0 -c 0
-> <response xmlns="urn:debugger_protocol_v1" xmlns:xdebug="http://xdebug.org/dbgp/xdebug" command="context_get" transaction_id="17" context="0"></response>

<- step_over -i 18
-> <response xmlns="urn:debugger_protocol_v1" xmlns:xdebug="http://xdebug.org/dbgp/xdebug" command="step_over" transaction_id="18" status="stopping" reason="ok"></response>

<- stop -i 19
-> <response xmlns="urn:debugger_protocol_v1" xmlns:xdebug="http://xdebug.org/dbgp/xdebug" command="stop" transaction_id="19" status="stopped" reason="ok"></response>

Log closed at 2018-05-03 05:19:50

Log opened at 2018-05-03 05:20:07
I: Connecting to configured address/port: host.docker.internal:9001.
I: Connected to client. :-)
-> <init xmlns="urn:debugger_protocol_v1" xmlns:xdebug="http://xdebug.org/dbgp/xdebug" fileuri="file:///src/SmartHumidor/index.php" language="PHP" xdebug:language_version="7.2.5" protocol_version="1.0" appid="7" idekey="www-data"><engine version="2.6.0"><![CDATA[Xdebug]]></engine><author><![CDATA[Derick Rethans]]></author><url><![CDATA[http://xdebug.org]]></url><copyright><![CDATA[Copyright (c) 2002-2018 by Derick Rethans]]></copyright></init>

<- breakpoint_list -i 1
-> <response xmlns="urn:debugger_protocol_v1" xmlns:xdebug="http://xdebug.org/dbgp/xdebug" command="breakpoint_list" transaction_id="1"></response>

<- breakpoint_set -i 2 -t line -f file:///src/SmartHumidor/index.php -n 2
-> <response xmlns="urn:debugger_protocol_v1" xmlns:xdebug="http://xdebug.org/dbgp/xdebug" command="breakpoint_set" transaction_id="2" id="70001"></response>

<- breakpoint_list -i 3
-> <response xmlns="urn:debugger_protocol_v1" xmlns:xdebug="http://xdebug.org/dbgp/xdebug" command="breakpoint_list" transaction_id="3"><breakpoint type="line" filename="file:///src/SmartHumidor/index.php" lineno="2" state="enabled" hit_count="0" hit_value="0" id="70001"></breakpoint></response>

<- breakpoint_list -i 4
-> <response xmlns="urn:debugger_protocol_v1" xmlns:xdebug="http://xdebug.org/dbgp/xdebug" command="breakpoint_list" transaction_id="4"><breakpoint type="line" filename="file:///src/SmartHumidor/index.php" lineno="2" state="enabled" hit_count="0" hit_value="0" id="70001"></breakpoint></response>

<- breakpoint_set -i 5 -t exception -x *
-> <response xmlns="urn:debugger_protocol_v1" xmlns:xdebug="http://xdebug.org/dbgp/xdebug" command="breakpoint_set" transaction_id="5" id="70002"></response>

<- run -i 6
-> <response xmlns="urn:debugger_protocol_v1" xmlns:xdebug="http://xdebug.org/dbgp/xdebug" command="run" transaction_id="6" status="break" reason="ok"><xdebug:message filename="file:///src/SmartHumidor/index.php" lineno="2"></xdebug:message></response>

<- stack_get -i 7
-> <response xmlns="urn:debugger_protocol_v1" xmlns:xdebug="http://xdebug.org/dbgp/xdebug" command="stack_get" transaction_id="7"><stack where="{main}" level="0" type="file" filename="file:///src/SmartHumidor/index.php" lineno="2"></stack></response>

<- context_names -i 8 -d 0
-> <response xmlns="urn:debugger_protocol_v1" xmlns:xdebug="http://xdebug.org/dbgp/xdebug" command="context_names" transaction_id="8"><context name="Locals" id="0"></context><context name="Superglobals" id="1"></context><context name="User defined constants" id="2"></context></response>

<- context_get -i 9 -d 0 -c 0
-> <response xmlns="urn:debugger_protocol_v1" xmlns:xdebug="http://xdebug.org/dbgp/xdebug" command="context_get" transaction_id="9" context="0"></response>

<- run -i 10
-> <response xmlns="urn:debugger_protocol_v1" xmlns:xdebug="http://xdebug.org/dbgp/xdebug" command="run" transaction_id="10" status="break" reason="ok"><xdebug:message filename="file:///src/SmartHumidor/index.php" lineno="3"></xdebug:message></response>

<- stack_get -i 11
-> <response xmlns="urn:debugger_protocol_v1" xmlns:xdebug="http://xdebug.org/dbgp/xdebug" command="stack_get" transaction_id="11"><stack where="{main}" level="0" type="file" filename="file:///src/SmartHumidor/index.php" lineno="3"></stack></response>

<- context_names -i 12 -d 0
-> <response xmlns="urn:debugger_protocol_v1" xmlns:xdebug="http://xdebug.org/dbgp/xdebug" command="context_names" transaction_id="12"><context name="Locals" id="0"></context><context name="Superglobals" id="1"></context><context name="User defined constants" id="2"></context></response>

<- context_get -i 13 -d 0 -c 0
-> <response xmlns="urn:debugger_protocol_v1" xmlns:xdebug="http://xdebug.org/dbgp/xdebug" command="context_get" transaction_id="13" context="0"></response>

<- run -i 14
-> <response xmlns="urn:debugger_protocol_v1" xmlns:xdebug="http://xdebug.org/dbgp/xdebug" command="run" transaction_id="14" status="stopping" reason="ok"></response>

<- stop -i 15
-> <response xmlns="urn:debugger_protocol_v1" xmlns:xdebug="http://xdebug.org/dbgp/xdebug" command="stop" transaction_id="15" status="stopped" reason="ok"></response>

Log closed at 2018-05-03 05:20:12

Log opened at 2018-05-03 05:22:13
I: Connecting to configured address/port: host.docker.internal:9001.
I: Connected to client. :-)
-> <init xmlns="urn:debugger_protocol_v1" xmlns:xdebug="http://xdebug.org/dbgp/xdebug" fileuri="file:///src/SmartHumidor/index.php" language="PHP" xdebug:language_version="7.2.5" protocol_version="1.0" appid="8" idekey="www-data"><engine version="2.6.0"><![CDATA[Xdebug]]></engine><author><![CDATA[Derick Rethans]]></author><url><![CDATA[http://xdebug.org]]></url><copyright><![CDATA[Copyright (c) 2002-2018 by Derick Rethans]]></copyright></init>

<- breakpoint_list -i 1
-> <response xmlns="urn:debugger_protocol_v1" xmlns:xdebug="http://xdebug.org/dbgp/xdebug" command="breakpoint_list" transaction_id="1"></response>

<- breakpoint_set -i 2 -t line -f file:///src/SmartHumidor/index.php -n 2
-> <response xmlns="urn:debugger_protocol_v1" xmlns:xdebug="http://xdebug.org/dbgp/xdebug" command="breakpoint_set" transaction_id="2" id="80003"></response>

<- breakpoint_list -i 3
-> <response xmlns="urn:debugger_protocol_v1" xmlns:xdebug="http://xdebug.org/dbgp/xdebug" command="breakpoint_list" transaction_id="3"><breakpoint type="line" filename="file:///src/SmartHumidor/index.php" lineno="2" state="enabled" hit_count="0" hit_value="0" id="80003"></breakpoint></response>

<- breakpoint_list -i 4
-> <response xmlns="urn:debugger_protocol_v1" xmlns:xdebug="http://xdebug.org/dbgp/xdebug" command="breakpoint_list" transaction_id="4"><breakpoint type="line" filename="file:///src/SmartHumidor/index.php" lineno="2" state="enabled" hit_count="0" hit_value="0" id="80003"></breakpoint></response>

<- breakpoint_set -i 5 -t exception -x *
-> <response xmlns="urn:debugger_protocol_v1" xmlns:xdebug="http://xdebug.org/dbgp/xdebug" command="breakpoint_set" transaction_id="5" id="80004"></response>

<- run -i 6
-> <response xmlns="urn:debugger_protocol_v1" xmlns:xdebug="http://xdebug.org/dbgp/xdebug" command="run" transaction_id="6" status="break" reason="ok"><xdebug:message filename="file:///src/SmartHumidor/index.php" lineno="2"></xdebug:message></response>

<- stack_get -i 7
-> <response xmlns="urn:debugger_protocol_v1" xmlns:xdebug="http://xdebug.org/dbgp/xdebug" command="stack_get" transaction_id="7"><stack where="{main}" level="0" type="file" filename="file:///src/SmartHumidor/index.php" lineno="2"></stack></response>

<- context_names -i 8 -d 0
-> <response xmlns="urn:debugger_protocol_v1" xmlns:xdebug="http://xdebug.org/dbgp/xdebug" command="context_names" transaction_id="8"><context name="Locals" id="0"></context><context name="Superglobals" id="1"></context><context name="User defined constants" id="2"></context></response>

<- context_get -i 9 -d 0 -c 0
-> <response xmlns="urn:debugger_protocol_v1" xmlns:xdebug="http://xdebug.org/dbgp/xdebug" command="context_get" transaction_id="9" context="0"></response>

<- run -i 10
-> <response xmlns="urn:debugger_protocol_v1" xmlns:xdebug="http://xdebug.org/dbgp/xdebug" command="run" transaction_id="10" status="stopping" reason="ok"></response>

<- stop -i 11
-> <response xmlns="urn:debugger_protocol_v1" xmlns:xdebug="http://xdebug.org/dbgp/xdebug" command="stop" transaction_id="11" status="stopped" reason="ok"></response>

Log closed at 2018-05-03 05:22:21

